<?xml version="1.0" encoding="UTF-8"?>
<!-- Generated by org.testng.reporters.JUnitXMLReporter -->
<testsuite ignored="0" hostname="Jintu" failures="0" tests="3" name="Default test" time="74.077" errors="0" timestamp="2022-07-07T10:20:25 IST">
  <testcase classname="tests.TC_04_ApproveLeave" name="TC101_LoginPage" time="24.343"/>
  <testcase classname="tests.TC_04_ApproveLeave" name="TC102_LoginPage" time="20.538"/>
  <testcase classname="tests.TC_04_ApproveLeave" name="TC103_LoginPage" time="21.33"/>
</testsuite> <!-- Default test -->
